[08-Sep-2017 20:25:43 UTC] PHP Parse error:  syntax error, unexpected 'case' (T_CASE) in /home/ubuntu/workspace/cst336/challenges/challenge2/index.php on line 14
[08-Sep-2017 20:26:15 UTC] PHP Parse error:  syntax error, unexpected 'case' (T_CASE) in /home/ubuntu/workspace/cst336/challenges/challenge2/index.php on line 14
[08-Sep-2017 20:26:28 UTC] PHP Parse error:  syntax error, unexpected 'case' (T_CASE) in /home/ubuntu/workspace/cst336/challenges/challenge2/index.php on line 14
[08-Sep-2017 20:26:29 UTC] PHP Parse error:  syntax error, unexpected 'case' (T_CASE) in /home/ubuntu/workspace/cst336/challenges/challenge2/index.php on line 14
[08-Sep-2017 20:36:37 UTC] PHP Warning:  substr() expects parameter 1 to be string, array given in /home/ubuntu/workspace/cst336/challenges/challenge2/index.php on line 90
[08-Sep-2017 20:36:37 UTC] PHP Stack trace:
[08-Sep-2017 20:36:37 UTC] PHP   1. {main}() /home/ubuntu/workspace/cst336/challenges/challenge2/index.php:0
[08-Sep-2017 20:36:37 UTC] PHP   2. substr() /home/ubuntu/workspace/cst336/challenges/challenge2/index.php:90
[08-Sep-2017 20:36:37 UTC] PHP Warning:  substr() expects parameter 1 to be string, array given in /home/ubuntu/workspace/cst336/challenges/challenge2/index.php on line 92
[08-Sep-2017 20:36:37 UTC] PHP Stack trace:
[08-Sep-2017 20:36:37 UTC] PHP   1. {main}() /home/ubuntu/workspace/cst336/challenges/challenge2/index.php:0
[08-Sep-2017 20:36:37 UTC] PHP   2. substr() /home/ubuntu/workspace/cst336/challenges/challenge2/index.php:92
[08-Sep-2017 20:36:38 UTC] PHP Warning:  substr() expects parameter 1 to be string, array given in /home/ubuntu/workspace/cst336/challenges/challenge2/index.php on line 90
[08-Sep-2017 20:36:38 UTC] PHP Stack trace:
[08-Sep-2017 20:36:38 UTC] PHP   1. {main}() /home/ubuntu/workspace/cst336/challenges/challenge2/index.php:0
[08-Sep-2017 20:36:38 UTC] PHP   2. substr() /home/ubuntu/workspace/cst336/challenges/challenge2/index.php:90
[08-Sep-2017 20:36:38 UTC] PHP Warning:  substr() expects parameter 1 to be string, array given in /home/ubuntu/workspace/cst336/challenges/challenge2/index.php on line 92
[08-Sep-2017 20:36:38 UTC] PHP Stack trace:
[08-Sep-2017 20:36:38 UTC] PHP   1. {main}() /home/ubuntu/workspace/cst336/challenges/challenge2/index.php:0
[08-Sep-2017 20:36:38 UTC] PHP   2. substr() /home/ubuntu/workspace/cst336/challenges/challenge2/index.php:92
[08-Sep-2017 20:49:17 UTC] PHP Parse error:  syntax error, unexpected '<' in /home/ubuntu/workspace/cst336/challenges/challenge2/index.php on line 112
[08-Sep-2017 20:49:53 UTC] PHP Parse error:  syntax error, unexpected 'echo' (T_ECHO), expecting ',' or ';' in /home/ubuntu/workspace/cst336/challenges/challenge2/index.php on line 117
[08-Sep-2017 20:49:56 UTC] PHP Parse error:  syntax error, unexpected 'echo' (T_ECHO), expecting ',' or ';' in /home/ubuntu/workspace/cst336/challenges/challenge2/index.php on line 117
[08-Sep-2017 20:49:57 UTC] PHP Parse error:  syntax error, unexpected 'echo' (T_ECHO), expecting ',' or ';' in /home/ubuntu/workspace/cst336/challenges/challenge2/index.php on line 117
